2013/07/18 11:31:35 [error] [exception.CException] exception 'CException' with message 'CAssetManager.basePath "D:\wamp\www\yii_admin\assets" 是无效的. 请确定它是一个可被 Web server process 写入资料的目录.' in D:\wamp\www\yii\framework\web\CAssetManager.php:138
Stack trace:
#0 D:\wamp\www\yii\framework\web\CAssetManager.php(123): CAssetManager->setBasePath('D:\wamp\www\yii...')
#1 D:\wamp\www\yii\framework\web\CAssetManager.php(217): CAssetManager->getBasePath()
#2 D:\wamp\www\yii_admin\protected\admin\modules\srbac\components\Helper.php(488): CAssetManager->publish('D:\wamp\www\yii...')
#3 D:\wamp\www\yii_admin\protected\admin\modules\srbac\SrbacModule.php(104): Helper::publishCss('srbac.css')
#4 D:\wamp\www\yii\framework\base\CModule.php(90): SrbacModule->init()
#5 D:\wamp\www\yii\framework\YiiBase.php(206): CModule->__construct('srbac', NULL, Array)
#6 D:\wamp\www\yii\framework\base\CModule.php(282): YiiBase::createComponent('admin.modules.s...', 'srbac', NULL, Array)
#7 D:\wamp\www\yii\framework\web\CWebApplication.php(533): CModule->getModule('srbac')
#8 D:\wamp\www\yii\framework\YiiBase.php(363): CWebApplication->findModule('srbac')
#9 D:\wamp\www\yii\framework\YiiBase.php(307): YiiBase::getPathOfAlias('srbac.component...')
#10 D:\wamp\www\yii_admin\protected\admin\controllers\SiteController.php(197): YiiBase::import('srbac.component...')
#11 D:\wamp\www\yii_admin\protected\admin\controllers\SiteController.php(182): SiteController->getLi(Array)
#12 D:\wamp\www\yii_admin\protected\admin\controllers\SiteController.php(159): SiteController->getLiMenu(Array)
#13 D:\wamp\www\yii_admin\protected\admin\views\layouts\index.php(29): SiteController->showMenu('4')
#14 D:\wamp\www\yii\framework\web\CBaseController.php(126): require('D:\wamp\www\yii...')
#15 D:\wamp\www\yii\framework\web\CBaseController.php(95): CBaseController->renderInternal('D:\wamp\www\yii...', Array, true)
#16 D:\wamp\www\yii\framework\web\CController.php(869): CBaseController->renderFile('D:\wamp\www\yii...', Array, true)
#17 D:\wamp\www\yii_admin\protected\admin\controllers\SiteController.php(72): CController->renderPartial('//layouts/index', Array)
#18 D:\wamp\www\yii\framework\web\actions\CInlineAction.php(49): SiteController->actionIndex()
#19 D:\wamp\www\yii\framework\web\CController.php(308): CInlineAction->runWithParams(Array)
#20 D:\wamp\www\yii\framework\web\filters\CFilterChain.php(133): CController->runAction(Object(CInlineAction))
#21 D:\wamp\www\yii\framework\web\filters\CFilter.php(40): CFilterChain->run()
#22 D:\wamp\www\yii\framework\web\CController.php(1146): CFilter->filter(Object(CFilterChain))
#23 D:\wamp\www\yii\framework\web\filters\CInlineFilter.php(58): CController->filterAccessControl(Object(CFilterChain))
#24 D:\wamp\www\yii\framework\web\filters\CFilterChain.php(130): CInlineFilter->filter(Object(CFilterChain))
#25 D:\wamp\www\yii\framework\web\CController.php(291): CFilterChain->run()
#26 D:\wamp\www\yii\framework\web\CController.php(265): CController->runActionWithFilters(Object(CInlineAction), Array)
#27 D:\wamp\www\yii\framework\web\CWebApplication.php(282): CController->run('')
#28 D:\wamp\www\yii\framework\web\CWebApplication.php(141): CWebApplication->runController('')
#29 D:\wamp\www\yii\framework\base\CApplication.php(169): CWebApplication->processRequest()
#30 D:\wamp\www\yii_admin\admin.php(20): CApplication->run()
#31 {main}
REQUEST_URI=/yii_admin/admin.php
HTTP_REFERER=http://localhost/yii_admin/admin.php?r=site/login
---
2013/07/18 11:31:36 [error] [exception.CException] exception 'CException' with message 'CAssetManager.basePath "D:\wamp\www\yii_admin\assets" 是无效的. 请确定它是一个可被 Web server process 写入资料的目录.' in D:\wamp\www\yii\framework\web\CAssetManager.php:138
Stack trace:
#0 D:\wamp\www\yii\framework\web\CAssetManager.php(123): CAssetManager->setBasePath('D:\wamp\www\yii...')
#1 D:\wamp\www\yii\framework\web\CAssetManager.php(217): CAssetManager->getBasePath()
#2 D:\wamp\www\yii_admin\protected\admin\modules\srbac\components\Helper.php(488): CAssetManager->publish('D:\wamp\www\yii...')
#3 D:\wamp\www\yii_admin\protected\admin\modules\srbac\SrbacModule.php(104): Helper::publishCss('srbac.css')
#4 D:\wamp\www\yii\framework\base\CModule.php(90): SrbacModule->init()
#5 D:\wamp\www\yii\framework\YiiBase.php(206): CModule->__construct('srbac', NULL, Array)
#6 D:\wamp\www\yii\framework\base\CModule.php(282): YiiBase::createComponent('admin.modules.s...', 'srbac', NULL, Array)
#7 D:\wamp\www\yii\framework\web\CWebApplication.php(533): CModule->getModule('srbac')
#8 D:\wamp\www\yii\framework\YiiBase.php(363): CWebApplication->findModule('srbac')
#9 D:\wamp\www\yii\framework\YiiBase.php(307): YiiBase::getPathOfAlias('srbac.component...')
#10 D:\wamp\www\yii_admin\protected\admin\controllers\SiteController.php(197): YiiBase::import('srbac.component...')
#11 D:\wamp\www\yii_admin\protected\admin\controllers\SiteController.php(182): SiteController->getLi(Array)
#12 D:\wamp\www\yii_admin\protected\admin\controllers\SiteController.php(159): SiteController->getLiMenu(Array)
#13 D:\wamp\www\yii_admin\protected\admin\views\layouts\index.php(29): SiteController->showMenu('4')
#14 D:\wamp\www\yii\framework\web\CBaseController.php(126): require('D:\wamp\www\yii...')
#15 D:\wamp\www\yii\framework\web\CBaseController.php(95): CBaseController->renderInternal('D:\wamp\www\yii...', Array, true)
#16 D:\wamp\www\yii\framework\web\CController.php(869): CBaseController->renderFile('D:\wamp\www\yii...', Array, true)
#17 D:\wamp\www\yii_admin\protected\admin\controllers\SiteController.php(72): CController->renderPartial('//layouts/index', Array)
#18 D:\wamp\www\yii\framework\web\actions\CInlineAction.php(49): SiteController->actionIndex()
#19 D:\wamp\www\yii\framework\web\CController.php(308): CInlineAction->runWithParams(Array)
#20 D:\wamp\www\yii\framework\web\filters\CFilterChain.php(133): CController->runAction(Object(CInlineAction))
#21 D:\wamp\www\yii\framework\web\filters\CFilter.php(40): CFilterChain->run()
#22 D:\wamp\www\yii\framework\web\CController.php(1146): CFilter->filter(Object(CFilterChain))
#23 D:\wamp\www\yii\framework\web\filters\CInlineFilter.php(58): CController->filterAccessControl(Object(CFilterChain))
#24 D:\wamp\www\yii\framework\web\filters\CFilterChain.php(130): CInlineFilter->filter(Object(CFilterChain))
#25 D:\wamp\www\yii\framework\web\CController.php(291): CFilterChain->run()
#26 D:\wamp\www\yii\framework\web\CController.php(265): CController->runActionWithFilters(Object(CInlineAction), Array)
#27 D:\wamp\www\yii\framework\web\CWebApplication.php(282): CController->run('')
#28 D:\wamp\www\yii\framework\web\CWebApplication.php(141): CWebApplication->runController('')
#29 D:\wamp\www\yii\framework\base\CApplication.php(169): CWebApplication->processRequest()
#30 D:\wamp\www\yii_admin\admin.php(20): CApplication->run()
#31 {main}
REQUEST_URI=/yii_admin/admin.php
HTTP_REFERER=http://localhost/yii_admin/admin.php?r=site/login
---
